[2026-05-14T18:43:41.790849+00:00] app_logs.INFO: agente1@bng.com- fez login [] []
[2026-05-14T19:03:56.911785+00:00] app_logs.INFO: agente1@bng.com- fez login [] []
[2026-05-14T19:04:19.843515+00:00] app_logs.INFO: agente1@bng.com- fez login [] []
[2026-05-14T19:06:07.960518+00:00] app_logs.INFO: agente1@bng.com- fez login [] []
[2026-05-14T19:06:59.576667+00:00] app_logs.INFO: agente1@bng.com- fez login [] []
[2026-05-14T19:08:00.163100+00:00] app_logs.INFO: agente1@bng.com- fez login [] []
[2026-05-14T19:08:51.342753+00:00] app_logs.INFO: agente1@bng.com- fez login [] []
[2026-05-15T01:16:43.399498+00:00] app_logs.INFO: agente1@bng.com- fez login [] []
[2026-05-15T01:32:27.154754+00:00] app_logs.INFO: agente1@bng.com- fez login [] []
[2026-05-15T01:34:09.901303+00:00] app_logs.INFO: agente1@bng.com - password alterado com sucesso no perfil de utilizador [] []
[2026-05-15T01:35:12.239641+00:00] app_logs.INFO: agente1@bng.com- fez login [] []
[2026-05-15T01:35:38.708062+00:00] app_logs.INFO: agente1@bng.com - password alterado com sucesso no perfil de utilizador [] []
[2026-05-15T01:35:39.855089+00:00] app_logs.INFO: agente1@bng.com- fez login [] []
[2026-05-15T01:40:49.279064+00:00] app_logs.INFO: agente1@bng.com- fez login [] []
[2026-05-15T01:42:32.504137+00:00] app_logs.INFO: agente1@bng.com - password alterado com sucesso no perfil de utilizador [] []
[2026-05-15T01:42:36.376707+00:00] app_logs.INFO: agente1@bng.com- fez login [] []
[2026-05-15T01:43:03.531257+00:00] app_logs.INFO: agente1@bng.com- fez logout [] []
[2026-05-15T01:43:11.344385+00:00] app_logs.INFO: agente1@bng.com- fez login [] []
[2026-05-15T01:43:17.555169+00:00] app_logs.INFO: agente1@bng.com- fez logout [] []
[2026-05-15T01:43:26.677159+00:00] app_logs.INFO: agente1@bng.com- Login Inválido [] []
[2026-05-15T01:43:37.092910+00:00] app_logs.INFO: agente1@bng.com- fez login [] []
[2026-05-15T01:44:03.469972+00:00] app_logs.INFO: agente1@bng.com - password alterado com sucesso no perfil de utilizador [] []
[2026-05-15T01:44:04.978449+00:00] app_logs.INFO: agente1@bng.com- fez login [] []
[2026-05-15T01:44:39.355797+00:00] app_logs.INFO: agente1@bng.com - password alterado com sucesso no perfil de utilizador [] []
[2026-05-15T01:44:41.099484+00:00] app_logs.INFO: agente1@bng.com- fez login [] []
[2026-05-15T02:27:48.827514+00:00] app_logs.INFO: agente1@bng.com - password alterado com sucesso no perfil de utilizador [] []
[2026-05-15T02:28:02.877313+00:00] app_logs.INFO: agente1@bng.com- fez logout [] []
[2026-05-15T02:28:08.086458+00:00] app_logs.INFO: agente1@bng.com - login inválido [] []
[2026-05-15T02:28:19.103709+00:00] app_logs.INFO: agente1@bng.com- fez login [] []
[2026-05-15T12:33:08.839686+00:00] app_logs.INFO: agente1@bng.com- fez login [] []
[2026-05-15T12:55:26.256690+00:00] app_logs.INFO: agente1@bng.com- fez logout [] []
[2026-05-15T12:55:34.191715+00:00] app_logs.INFO: admin@bng.com- fez login [] []
[2026-05-15T13:04:29.318407+00:00] app_logs.INFO: admin@bng.com- fez logout [] []
[2026-05-15T13:04:34.638285+00:00] app_logs.INFO: admin@bng.com- fez login [] []
[2026-05-15T13:04:40.144987+00:00] app_logs.INFO: admin@bng.com- fez login [] []
[2026-05-15T13:58:18.032213+00:00] app_logs.INFO: admin@bng.com- fez login [] []
[2026-05-15T13:58:19.275013+00:00] app_logs.INFO: admin@bng.com- fez login [] []
[2026-05-15T13:59:35.220665+00:00] app_logs.INFO: admin@bng.com- fez login [] []
[2026-05-15T13:59:37.243647+00:00] app_logs.INFO: admin@bng.com- fez login [] []
[2026-05-15T14:01:02.706563+00:00] app_logs.INFO: admin@bng.com- fez login [] []
[2026-05-15T14:01:04.635410+00:00] app_logs.INFO: admin@bng.com- fez login [] []
[2026-05-15T14:02:22.945681+00:00] app_logs.INFO: admin@bng.com- fez login [] []
[2026-05-15T14:02:24.436000+00:00] app_logs.INFO: admin@bng.com- fez login [] []
[2026-05-15T14:03:25.631812+00:00] app_logs.INFO: admin@bng.com- fez login [] []
[2026-05-15T14:04:16.376530+00:00] app_logs.INFO: admin@bng.com- fez login [] []
[2026-05-15T14:04:18.571517+00:00] app_logs.INFO: admin@bng.com- fez login [] []
[2026-05-15T14:05:48.700567+00:00] app_logs.INFO: admin@bng.com- fez login [] []
[2026-05-15T14:09:01.520397+00:00] app_logs.INFO: admin@bng.com- fez login [] []
[2026-05-15T14:09:03.987435+00:00] app_logs.INFO: admin@bng.com- fez login [] []
[2026-05-15T15:45:14.353818+00:00] app_logs.INFO: admin@bng.com- fez login [] []
[2026-05-15T19:33:40.241705+00:00] app_logs.INFO: admin@bng.com- fez login [] []
[2026-05-15T19:53:29.610972+00:00] app_logs.INFO: admin@bng.com- fez login [] []
[2026-05-15T19:53:48.373841+00:00] app_logs.INFO: admin@bng.com- fez login [] []
[2026-05-15T20:07:57.883624+00:00] app_logs.INFO: admin@bng.com- fez login [] []
[2026-05-15T20:08:00.112179+00:00] app_logs.INFO: admin@bng.com- fez login [] []
[2026-05-16T00:42:36.635720+00:00] app_logs.INFO: admin@bng.com- fez login [] []
[2026-05-17T14:49:34.925375+00:00] app_logs.INFO: admin@bng.com- fez login [] []
[2026-05-17T15:23:44.793699+00:00] app_logs.INFO: admin@bng.com- fez login [] []
[2026-05-17T22:12:04.958984+00:00] app_logs.INFO: admin@bng.com - visualizou o PDF [] []
[2026-05-17T22:12:08.294071+00:00] app_logs.INFO: admin@bng.com - visualizou o PDF [] []
[2026-05-17T22:12:09.630969+00:00] app_logs.INFO: admin@bng.com - visualizou o PDF [] []
[2026-05-17T22:12:50.591522+00:00] app_logs.INFO: admin@bng.com - visualizou o PDF [] []
[2026-05-17T22:12:50.753142+00:00] app_logs.INFO: admin@bng.com - visualizou o PDF [] []
[2026-05-17T22:19:09.567196+00:00] app_logs.INFO: admin@bng.com - visualizou o PDF [] []
[2026-05-17T22:43:38.715641+00:00] app_logs.INFO: admin@bng.com- fez login [] []
[2026-05-17T23:30:16.929955+00:00] app_logs.INFO: admin@bng.com- fez login [] []
[2026-05-17T23:30:19.787113+00:00] app_logs.INFO: admin@bng.com- fez login [] []
[2026-05-17T23:30:21.090964+00:00] app_logs.INFO: admin@bng.com- fez login [] []
[2026-05-17T23:30:24.984699+00:00] app_logs.INFO: admin@bng.com- fez login [] []
[2026-05-17T23:30:32.881578+00:00] app_logs.INFO: admin@bng.com - visualizou o PDF [] []
[2026-05-18T00:05:15.170593+00:00] app_logs.INFO: admin@bng.com- fez login [] []
[2026-05-18T00:38:38.528119+00:00] app_logs.INFO: admin@bng.com- fez login [] []
[2026-05-18T00:38:42.858573+00:00] app_logs.INFO: admin@bng.com- fez login [] []
[2026-05-18T00:38:44.950703+00:00] app_logs.INFO: admin@bng.com- fez login [] []
[2026-05-18T01:25:08.433853+00:00] app_logs.INFO: admin@bng.com- fez login [] []
[2026-05-18T01:25:50.818132+00:00] app_logs.INFO: admin@bng.com- fez login [] []
[2026-05-18T06:40:00.654077+00:00] app_logs.INFO: admin@bng.com- fez login [] []
[2026-05-18T07:02:22.917632+00:00] app_logs.INFO: admin@bng.com- fez login [] []
[2026-05-18T07:26:00.094830+00:00] app_logs.INFO: admin@bng.com- fez login [] []
[2026-05-18T08:59:20.140552+00:00] app_logs.INFO: admin@bng.com- fez login [] []
[2026-05-18T09:00:22.962274+00:00] app_logs.INFO: admin@bng.com- fez login [] []
[2026-05-18T09:01:14.196580+00:00] app_logs.INFO: admin@bng.com- fez login [] []
[2026-05-18T09:01:53.824802+00:00] app_logs.INFO: admin@bng.com- fez login [] []
[2026-05-18T09:03:23.858918+00:00] app_logs.INFO: admin@bng.com- fez login [] []
[2026-05-18T12:33:01.993753+00:00] app_logs.INFO: admin@bng.com- fez login [] []
[2026-05-18T13:29:47.025090+00:00] app_logs.INFO: admin@bng.com- fez login [] []
[2026-05-18T13:46:34.740932+00:00] app_logs.INFO: admin@bng.com - enviado com sucesso email para conclusão do registo: agente5@bgn.com [] []
[2026-05-18T19:49:14.693312+00:00] app_logs.INFO: admin@bng.com- fez login [] []
[2026-05-18T19:49:34.415866+00:00] app_logs.INFO: admin@bng.com - enviado com sucesso email para conclusão do registo: brenokmgv@gmail.com [] []
[2026-05-18T19:53:04.912410+00:00] app_logs.INFO: admin@bng.com- fez login [] []
[2026-05-18T19:53:37.781114+00:00] app_logs.INFO: admin@bng.com - enviado com sucesso email para conclusão do registo: brenomatostrabalho@gmail.com [] []
[2026-05-18T20:15:01.214117+00:00] app_logs.INFO: admin@bng.com- fez login [] []
[2026-05-18T20:15:09.522637+00:00] app_logs.INFO: admin@bng.com - enviado com sucesso email para conclusão do registo: estelacastagna@outlook.com [] []
[2026-05-18T20:24:46.308051+00:00] app_logs.INFO: admin@bng.com- fez login [] []
[2026-05-18T20:25:25.189669+00:00] app_logs.INFO: admin@bng.com - enviado com sucesso email para conclusão do registo: brenokmgv@gmail.com [] []
[2026-05-18T21:20:36.827621+00:00] app_logs.INFO: admin@bng.com- fez login [] []
[2026-05-18T21:20:39.471435+00:00] app_logs.INFO: admin@bng.com- fez login [] []
[2026-05-18T21:20:40.701148+00:00] app_logs.INFO: admin@bng.com- fez login [] []
[2026-05-18T21:21:02.497825+00:00] app_logs.INFO: admin@bng.com - enviado com sucesso email para conclusão do registo: brenokmgv@gmail.com [] []
[2026-05-18T21:45:37.025462+00:00] app_logs.INFO: admin@bng.com- fez login [] []
[2026-05-18T21:45:57.382608+00:00] app_logs.INFO: admin@bng.com - enviado com sucesso email para conclusão do registo: brenokmgv@gmail.com [] []
[2026-05-18T21:48:38.147442+00:00] app_logs.INFO: admin@bng.com- fez login [] []
[2026-05-18T22:47:02.682904+00:00] app_logs.INFO: admin@bng.com- fez login [] []
[2026-05-18T23:21:24.889267+00:00] app_logs.INFO: admin@bng.com- fez login [] []
[2026-05-18T23:21:56.972151+00:00] app_logs.INFO: admin@bng.com - enviado com sucesso email para conclusão do registo: brenokmgv@gmail.com [] []
[2026-05-18T23:26:13.353520+00:00] app_logs.INFO: admin@bng.com- fez login [] []
[2026-05-18T23:26:35.042795+00:00] app_logs.INFO: admin@bng.com - enviado com sucesso email para conclusão do registo: brenokmgv@gmail.com [] []
[2026-05-18T23:27:28.797977+00:00] app_logs.INFO: admin@bng.com - não foi possível enviar o email para conclusão do registo: brenokmgv@gmail.com [] []
[2026-05-18T23:42:04.421403+00:00] app_logs.INFO: admin@bng.com- fez login [] []
[2026-05-19T00:10:25.177709+00:00] app_logs.INFO: admin@bng.com - enviado com sucesso email para conclusão do registo: brenokmgv@gmail.com [] []
[2026-05-19T11:59:34.746531+00:00] app_logs.INFO: admin@bng.com- fez login [] []
[2026-05-19T12:05:26.642855+00:00] app_logs.INFO: admin@bng.com- fez logout [] []
[2026-05-19T12:05:34.368963+00:00] app_logs.INFO: agente1@bng.com- fez login [] []
[2026-05-19T12:05:36.580903+00:00] app_logs.INFO: agente1@bng.com- fez logout [] []
[2026-05-19T12:05:42.828494+00:00] app_logs.INFO: admin@bng.com - login inválido [] []
[2026-05-19T12:05:51.492333+00:00] app_logs.INFO: admin@bng.com - login inválido [] []
[2026-05-19T12:09:47.164470+00:00] app_logs.INFO: agente1@bng.com- fez login [] []
[2026-05-19T12:09:52.667722+00:00] app_logs.INFO: agente1@bng.com- fez logout [] []
[2026-05-19T12:09:58.849823+00:00] app_logs.INFO: admin@bng.com- fez login [] []
[2026-05-19T12:10:07.678335+00:00] app_logs.INFO: admin@bng.com- fez logout [] []
[2026-05-19T12:10:16.291759+00:00] app_logs.INFO: agente2@bng.com- fez login [] []
[2026-05-19T12:10:18.634894+00:00] app_logs.INFO: agente2@bng.com- fez logout [] []
[2026-05-19T12:10:29.065561+00:00] app_logs.INFO: agente3@bng.com - login inválido [] []
[2026-05-19T12:10:38.303790+00:00] app_logs.INFO: admin@bng.com- fez login [] []
[2026-05-19T12:11:03.135621+00:00] app_logs.INFO: admin@bng.com - enviado com sucesso email para conclusão do registo: brenokmgv@gmail.com [] []
[2026-05-19T12:11:06.822297+00:00] app_logs.INFO: admin@bng.com- fez login [] []
[2026-05-19T12:26:25.701101+00:00] app_logs.INFO: admin@bng.com- fez login [] []
[2026-05-19T13:19:25.826227+00:00] app_logs.INFO: admin@bng.com- fez logout [] []
[2026-05-19T13:26:57.865157+00:00] app_logs.INFO: admin@bng.com- fez login [] []
[2026-05-19T13:27:10.681671+00:00] app_logs.INFO: admin@bng.com- fez login [] []
[2026-05-19T13:54:19.437197+00:00] app_logs.INFO: admin@bng.com - enviado com sucesso email para conclusão do registo: brenokmgv@gmail.com [] []
[2026-05-19T13:55:10.662459+00:00] app_logs.INFO: admin@bng.com- fez logout [] []
[2026-05-19T14:07:46.190289+00:00] app_logs.INFO: admin@bng.com- fez login [] []
[2026-05-19T14:08:08.913809+00:00] app_logs.INFO: admin@bng.com- fez login [] []
[2026-05-19T14:08:11.217363+00:00] app_logs.INFO: admin@bng.com- fez logout [] []
[2026-05-20T05:54:11.059001+00:00] app_logs.INFO: admin@bng.com- fez login [] []
[2026-05-20T05:54:20.611050+00:00] app_logs.INFO: admin@bng.com - enviado com sucesso email para conclusão do registo: brenokmgv@gmail.com [] []
[2026-05-20T05:54:38.760360+00:00] app_logs.INFO: admin@bng.com- fez logout [] []
[2026-05-20T05:59:17.866252+00:00] app_logs.INFO: admin@bng.com- fez login [] []
[2026-05-20T05:59:25.096584+00:00] app_logs.INFO: admin@bng.com- fez login [] []
[2026-05-20T06:00:36.606825+00:00] app_logs.INFO: admin@bng.com - enviado com sucesso email para conclusão do registo: brenokmgv@gmail.com [] []
[2026-05-20T06:12:55.562497+00:00] app_logs.INFO: admin@bng.com- fez login [] []
[2026-05-20T06:18:32.762680+00:00] app_logs.INFO: admin@bng.com- fez login [] []
[2026-05-20T06:18:36.653619+00:00] app_logs.INFO: admin@bng.com- fez logout [] []
[2026-05-20T06:42:22.413481+00:00] app_logs.INFO: Foi definida com sucesso a password para o agente ID = 7 (purl: FeeGJbDFkIcKCDiBKiHh) [] []
[2026-05-20T06:43:32.288703+00:00] app_logs.INFO: admin@bng.com- fez login [] []
[2026-05-20T15:16:38.585977+00:00] app_logs.INFO: admin@bng.com- fez login [] []
[2026-05-20T15:50:17.372783+00:00] app_logs.INFO: admin@bng.com- fez login [] []
[2026-05-20T15:50:26.342533+00:00] app_logs.INFO: admin@bng.com- fez login [] []
[2026-05-20T15:50:27.395211+00:00] app_logs.INFO: admin@bng.com- fez login [] []
[2026-05-20T15:52:59.050354+00:00] app_logs.INFO: admin@bng.com- fez logout [] []
[2026-05-20T15:53:21.594548+00:00] app_logs.INFO: admin@bng.com - login inválido [] []
[2026-05-20T15:56:31.470875+00:00] app_logs.INFO: admin@bng.com - login inválido [] []
[2026-05-20T15:57:24.073111+00:00] app_logs.INFO: admin@bng.com - login inválido [] []
[2026-05-20T15:57:32.556224+00:00] app_logs.INFO: admin@bng.com - login inválido [] []
[2026-05-20T15:57:54.806481+00:00] app_logs.INFO: admin@bng.com- fez login [] []
[2026-05-20T16:28:15.670574+00:00] app_logs.INFO: admin@bng.com- fez login [] []
[2026-05-20T16:59:04.251782+00:00] app_logs.INFO: admin@bng.com- fez logout [] []
[2026-05-20T16:59:18.500757+00:00] app_logs.INFO: brenokmgv@gmail.com- fez login [] []
[2026-05-20T17:14:51.500422+00:00] app_logs.INFO: brenokmgv@gmail.com- fez login [] []
[2026-05-20T17:15:01.521938+00:00] app_logs.INFO: brenokmgv@gmail.com- fez logout [] []
[2026-05-20T17:15:09.434986+00:00] app_logs.INFO: brenokmgv@gmail.com - login inválido [] []
[2026-05-20T17:15:16.100596+00:00] app_logs.INFO: admin@bng.com - login inválido [] []
[2026-05-20T17:15:17.085743+00:00] app_logs.INFO: - Login Inválido [] []
[2026-05-20T17:15:25.668279+00:00] app_logs.INFO: admin@bng.com - login inválido [] []
[2026-05-20T17:16:10.050187+00:00] app_logs.INFO: brenokmgv@gmail.com - login inválido [] []
[2026-05-20T17:16:16.362471+00:00] app_logs.INFO: admin@bng.com- fez login [] []
[2026-05-20T18:43:05.887082+00:00] app_logs.INFO: admin@bng.com- fez login [] []
[2026-05-20T20:22:41.656949+00:00] app_logs.INFO: admin@bng.com- fez login [] []
[2026-05-20T20:26:17.530518+00:00] app_logs.INFO: admin@bng.com- fez login [] []
[2026-05-20T20:26:18.772641+00:00] app_logs.INFO: admin@bng.com- fez login [] []
[2026-05-20T20:27:01.818693+00:00] app_logs.INFO: admin@bng.com- fez login [] []
[2026-05-20T20:27:19.212821+00:00] app_logs.INFO: admin@bng.com- fez login [] []
[2026-05-22T01:17:22.727493+00:00] app_logs.INFO: admin@bng.com- fez login [] []
[2026-05-22T01:30:37.669807+00:00] app_logs.INFO: admin@bng.com- fez login [] []
[2026-05-22T01:36:25.043539+00:00] app_logs.INFO: admin@bng.com- fez login [] []
[2026-05-22T01:37:42.006067+00:00] app_logs.INFO: admin@bng.com - editado com sucesso os dados do agente ID: 3 - agente2@bng.com [] []
[2026-05-22T01:37:49.822760+00:00] app_logs.INFO: admin@bng.com - editado com sucesso os dados do agente ID: 3 - agente2@bng.com [] []
[2026-05-22T01:38:22.055870+00:00] app_logs.INFO: admin@bng.com- fez login [] []
[2026-05-22T01:38:50.631957+00:00] app_logs.INFO: admin@bng.com - editado com sucesso os dados do agente ID: 2 - agente1@bng.com [] []
[2026-05-22T01:41:34.895624+00:00] app_logs.INFO: admin@bng.com- fez login [] []
[2026-05-22T01:41:42.244235+00:00] app_logs.INFO: admin@bng.com - editado com sucesso os dados do agente ID: 3 - agente2@bng.com [] []
[2026-05-22T01:41:47.295257+00:00] app_logs.INFO: admin@bng.com - editado com sucesso os dados do agente ID: 2 - agente1@bng.com [] []
[2026-05-22T01:41:54.152056+00:00] app_logs.INFO: admin@bng.com - editado com sucesso os dados do agente ID: 2 - agente1teste@bng.com [] []
[2026-05-22T01:41:59.389454+00:00] app_logs.INFO: admin@bng.com - editado com sucesso os dados do agente ID: 3 - agente2test@bng.com [] []
[2026-05-22T01:42:17.708016+00:00] app_logs.INFO: admin@bng.com - editado com sucesso os dados do agente ID: 2 - agente1@bng.com [] []
[2026-05-22T01:42:23.563423+00:00] app_logs.INFO: admin@bng.com - editado com sucesso os dados do agente ID: 3 - agente2@bng.com [] []
[2026-05-22T14:26:44.506376+00:00] app_logs.INFO: admin@bng.com- fez login [] []
[2026-05-22T14:53:16.851796+00:00] app_logs.INFO: admin@bng.com- fez login [] []
[2026-05-22T14:53:19.706138+00:00] app_logs.INFO: admin@bng.com- fez login [] []
[2026-05-22T14:59:16.536259+00:00] app_logs.INFO: admin@bng.com - aconteceu um erro na eliminação do agente ID: 3    [] []
[2026-05-22T15:02:15.382174+00:00] app_logs.INFO: admin@bng.com - aconteceu um erro na eliminação do agente ID: 3    [] []
[2026-05-22T15:02:26.613037+00:00] app_logs.INFO: admin@bng.com- fez login [] []
[2026-05-22T15:11:29.776119+00:00] app_logs.INFO: admin@bng.com - aconteceu um erro na recuperação do agente ID: 3 [] []
[2026-05-22T15:11:32.133374+00:00] app_logs.INFO: admin@bng.com - aconteceu um erro na recuperação do agente ID: 7 [] []
[2026-05-22T15:14:14.683406+00:00] app_logs.INFO: admin@bng.com - fez download da lista de agentes para o ficheiro: output_1779462854.xlsx | total: 4 registos. [] []
[2026-05-22T17:17:43.861720+00:00] app_logs.INFO: admin@bng.com- fez logout [] []
[2026-05-22T17:59:48.035828+00:00] app_logs.INFO: Email com código de recuperação de password enviado com sucesso. User: brenokmgv@gmail.com | Code: 803612 [] []
[2026-05-22T18:01:41.232907+00:00] app_logs.INFO: Email com código de recuperação de password enviado com sucesso. User: brenokmgv@gmail.com | Code: 186760 [] []
[2026-05-22T18:29:19.444565+00:00] app_logs.INFO: Email com código de recuperação de password enviado com sucesso. User: brenokmgv@gmail.com | Code: 147863 [] []
[2026-05-22T18:32:08.849927+00:00] app_logs.INFO: Email com código de recuperação de password enviado com sucesso. User: brenokmgv@gmail.com | Code: 866208 [] []
[2026-05-22T18:33:45.849952+00:00] app_logs.INFO: Email com código de recuperação de password enviado com sucesso. User: brenokmgv@gmail.com | Code: 917616 [] []
[2026-05-22T18:34:00.745604+00:00] app_logs.INFO: Foi alterada com sucesso a password do user ID: 7 após pedido de reset da password. [] []
[2026-05-22T18:34:09.037213+00:00] app_logs.INFO: brenokmgv@gmail.com- fez login [] []
[2026-05-24T02:19:02.581025+00:00] app_logs.INFO: brenokmgv@gmail.com- fez login [] []
[2026-05-29T05:01:53.688519+00:00] app_logs.INFO: brenokmgv@gmail.com- fez login [] []
[2026-06-22T07:28:12.029481+00:00] app_logs.INFO: brenokmgv@gmail.com- fez login [] []
[2026-06-22T07:28:33.617869+00:00] app_logs.INFO: brenokmgv@gmail.com- fez login [] []
[2026-06-22T09:10:04.773353+00:00] app_logs.INFO: brenokmgv@gmail.com- adicionou o(a) novo(a) cliente: luiz | teste@bgn.com [] []
[2026-06-22T09:39:15.636911+00:00] app_logs.INFO: brenokmgv@gmail.com- fez login [] []
[2026-06-22T09:39:28.146273+00:00] app_logs.INFO: brenokmgv@gmail.com- fez login [] []
[2026-06-22T09:39:30.105820+00:00] app_logs.INFO: brenokmgv@gmail.com- fez login [] []
[2026-06-22T09:41:18.704003+00:00] app_logs.INFO: brenokmgv@gmail.com- fez login [] []
[2026-06-22T09:41:45.325980+00:00] app_logs.INFO: brenokmgv@gmail.com- fez login [] []
[2026-06-22T09:41:48.989578+00:00] app_logs.INFO: brenokmgv@gmail.com- fez login [] []
[2026-06-22T09:42:11.815328+00:00] app_logs.INFO: brenokmgv@gmail.com- fez login [] []
[2026-06-22T09:42:29.810607+00:00] app_logs.INFO: brenokmgv@gmail.com- fez login [] []
[2026-06-22T09:42:43.782974+00:00] app_logs.INFO: brenokmgv@gmail.com- fez login [] []
[2026-06-22T09:43:45.588994+00:00] app_logs.INFO: brenokmgv@gmail.com- fez login [] []
[2026-06-22T09:44:00.177873+00:00] app_logs.INFO: brenokmgv@gmail.com- fez logout [] []
[2026-06-22T09:45:02.163526+00:00] app_logs.INFO: admin@gmail.com - login inválido [] []
[2026-06-22T09:45:14.965532+00:00] app_logs.INFO: admin@gmail.com - login inválido [] []
[2026-06-22T10:16:22.533038+00:00] app_logs.INFO: admin@bng.com- fez login [] []
[2026-06-22T11:01:22.639923+00:00] app_logs.INFO: admin@bng.com- fez login [] []
[2026-06-22T11:01:22.760361+00:00] app_logs.INFO: admin@bng.com- fez login [] []
[2026-06-22T11:27:30.220668+00:00] app_logs.INFO: admin@bng.com- fez login [] []
[2026-06-22T11:36:54.062852+00:00] app_logs.INFO: admin@bng.com- fez login [] []
[2026-06-22T11:52:58.819705+00:00] app_logs.INFO: admin@bng.com- fez login [] []
[2026-06-22T11:53:34.842105+00:00] app_logs.INFO: admin@bng.com- fez login [] []
[2026-06-22T11:54:00.605871+00:00] app_logs.INFO: admin@bng.com- fez login [] []
[2026-06-22T11:54:28.754058+00:00] app_logs.INFO: admin@bng.com- fez login [] []
[2026-06-22T11:54:30.524523+00:00] app_logs.INFO: admin@bng.com- fez login [] []
[2026-06-22T11:54:38.885121+00:00] app_logs.INFO: admin@bng.com- fez login [] []
[2026-06-22T11:54:42.780372+00:00] app_logs.INFO: admin@bng.com- fez login [] []
[2026-06-22T11:54:46.053683+00:00] app_logs.INFO: admin@bng.com- fez login [] []
[2026-06-22T12:49:27.695722+00:00] app_logs.INFO: admin@bng.com- fez login [] []
[2026-06-22T12:49:40.742641+00:00] app_logs.INFO: admin@bng.com - aconteceu um erro na eliminação do agente ID: 7    [] []
[2026-06-22T12:49:48.418212+00:00] app_logs.INFO: admin@bng.com- fez login [] []
[2026-06-22T12:49:57.034298+00:00] app_logs.INFO: admin@bng.com - aconteceu um erro na recuperação do agente ID: 7 [] []
[2026-06-22T12:49:58.922395+00:00] app_logs.INFO: admin@bng.com - aconteceu um erro na eliminação do agente ID: 7    [] []
[2026-06-22T12:50:00.378700+00:00] app_logs.INFO: admin@bng.com- fez login [] []
[2026-06-22T12:51:11.708532+00:00] app_logs.INFO: admin@bng.com- fez login [] []
[2026-06-22T13:28:54.934655+00:00] app_logs.INFO: admin@bng.com- fez login [] []
[2026-06-22T13:29:01.030692+00:00] app_logs.INFO: admin@bng.com- fez login [] []
[2026-06-22T13:29:04.168145+00:00] app_logs.INFO: admin@bng.com- fez login [] []
[2026-06-22T13:29:21.959768+00:00] app_logs.INFO: admin@bng.com- fez login [] []
[2026-06-22T13:29:26.267986+00:00] app_logs.INFO: admin@bng.com- fez login [] []
[2026-06-22T13:30:54.457151+00:00] app_logs.INFO: admin@bng.com- fez login [] []
[2026-06-22T13:33:13.268629+00:00] app_logs.INFO: admin@bng.com- fez login [] []
[2026-06-22T13:39:35.914215+00:00] app_logs.INFO: admin@bng.com- fez login [] []
[2026-06-22T13:41:58.286215+00:00] app_logs.INFO: admin@bng.com- fez login [] []
[2026-06-22T13:45:28.518757+00:00] app_logs.INFO: admin@bng.com- fez login [] []
[2026-06-22T13:45:58.484975+00:00] app_logs.INFO: admin@bng.com- fez login [] []
[2026-06-22T13:46:06.216965+00:00] app_logs.INFO: admin@bng.com- fez login [] []
[2026-06-22T13:46:09.060771+00:00] app_logs.INFO: admin@bng.com- fez login [] []
[2026-06-22T13:48:08.642682+00:00] app_logs.INFO: admin@bng.com- fez login [] []
[2026-06-22T13:54:15.660269+00:00] app_logs.INFO: admin@bng.com- fez login [] []
